This file contains any messages produced by compilers while
running configure, to aid debugging if configure makes a mistake.

It was created by ossim configure 1.8.4, which was
generated by GNU Autoconf 2.63.  Invocation command line was

  $ ./configure --with-geotiff=/usr/local/ --with-jpeg=/usr --with-libtif=/usr/local/ --prefix=/usr/local/ossim

## --------- ##
## Platform. ##
## --------- ##

hostname = Embed
uname -m = x86_64
uname -r = 3.5.0-28-generic
uname -s = Linux
uname -v = #48-Ubuntu SMP Tue Apr 23 23:03:38 UTC 2013

/usr/bin/uname -p = unknown
/bin/uname -X     = unknown

/bin/arch              = unknown
/usr/bin/arch -k       = unknown
/usr/convex/getsysinfo = unknown
/usr/bin/hostinfo      = unknown
/bin/machine           = unknown
/usr/bin/oslevel       = unknown
/bin/universe          = unknown

PATH: /home/espen/gcc-arm-none-eabi-4_6-2012q2/bin
PATH: /usr/lib/lightdm/lightdm
PATH: /usr/local/sbin
PATH: /usr/local/bin
PATH: /usr/sbin
PATH: /usr/bin
PATH: /sbin
PATH: /bin
PATH: /usr/games
PATH: /usr/local/games


## ----------- ##
## Core tests. ##
## ----------- ##

configure:2001: checking for a BSD-compatible install
configure:2069: result: /usr/bin/install -c
configure:2124: checking for ranlib
configure:2140: found /usr/bin/ranlib
configure:2151: result: ranlib
configure:2232: checking for xlc
configure:2262: result: no
configure:2232: checking for gcc
configure:2248: found /usr/bin/gcc
configure:2259: result: gcc
configure:2293: checking for C compiler version
configure:2301: gcc --version >&5
gcc (Ubuntu/Linaro 4.7.2-2ubuntu1) 4.7.2
Copyright (C) 2012 Free Software Foundation, Inc.
This is free software; see the source for copying conditions.  There is NO
warranty; not even for MERCHANTABILITY or FITNESS FOR A PARTICULAR PURPOSE.

configure:2305: $? = 0
configure:2312: gcc -v >&5
Using built-in specs.
COLLECT_GCC=gcc
COLLECT_LTO_WRAPPER=/usr/lib/gcc/x86_64-linux-gnu/4.7/lto-wrapper
Target: x86_64-linux-gnu
Configured with: ../src/configure -v --with-pkgversion='Ubuntu/Linaro 4.7.2-2ubuntu1' --with-bugurl=file:///usr/share/doc/gcc-4.7/README.Bugs --enable-languages=c,c++,go,fortran,objc,obj-c++ --prefix=/usr --program-suffix=-4.7 --enable-shared --enable-linker-build-id --with-system-zlib --libexecdir=/usr/lib --without-included-gettext --enable-threads=posix --with-gxx-include-dir=/usr/include/c++/4.7 --libdir=/usr/lib --enable-nls --with-sysroot=/ --enable-clocale=gnu --enable-libstdcxx-debug --enable-libstdcxx-time=yes --enable-gnu-unique-object --enable-plugin --enable-objc-gc --disable-werror --with-arch-32=i686 --with-tune=generic --enable-checking=release --build=x86_64-linux-gnu --host=x86_64-linux-gnu --target=x86_64-linux-gnu
Thread model: posix
gcc version 4.7.2 (Ubuntu/Linaro 4.7.2-2ubuntu1) 
configure:2316: $? = 0
configure:2323: gcc -V >&5
gcc: error: unrecognized command line option '-V'
gcc: fatal error: no input files
compilation terminated.
configure:2327: $? = 4
configure:2350: checking for C compiler default output file name
configure:2372: gcc    conftest.c  >&5
configure:2376: $? = 0
configure:2414: result: a.out
configure:2433: checking whether the C compiler works
configure:2443: ./a.out
configure:2447: $? = 0
configure:2466: result: yes
configure:2473: checking whether we are cross compiling
configure:2475: result: no
configure:2478: checking for suffix of executables
configure:2485: gcc -o conftest    conftest.c  >&5
configure:2489: $? = 0
configure:2515: result: 
configure:2521: checking for suffix of object files
configure:2547: gcc -c   conftest.c >&5
configure:2551: $? = 0
configure:2576: result: o
configure:2580: checking whether we are using the GNU C compiler
configure:2609: gcc -c   conftest.c >&5
configure:2616: $? = 0
configure:2633: result: yes
configure:2642: checking whether gcc accepts -g
configure:2672: gcc -c -g  conftest.c >&5
configure:2679: $? = 0
configure:2780: result: yes
configure:2797: checking for gcc option to accept ISO C89
configure:2871: gcc  -c   conftest.c >&5
configure:2878: $? = 0
configure:2901: result: none needed
configure:2978: checking for xlC
configure:3008: result: no
configure:2978: checking for g++
configure:2994: found /usr/bin/g++
configure:3005: result: g++
configure:3032: checking for C++ compiler version
configure:3040: g++ --version >&5
g++ (Ubuntu/Linaro 4.7.2-2ubuntu1) 4.7.2
Copyright (C) 2012 Free Software Foundation, Inc.
This is free software; see the source for copying conditions.  There is NO
warranty; not even for MERCHANTABILITY or FITNESS FOR A PARTICULAR PURPOSE.

configure:3044: $? = 0
configure:3051: g++ -v >&5
Using built-in specs.
COLLECT_GCC=g++
COLLECT_LTO_WRAPPER=/usr/lib/gcc/x86_64-linux-gnu/4.7/lto-wrapper
Target: x86_64-linux-gnu
Configured with: ../src/configure -v --with-pkgversion='Ubuntu/Linaro 4.7.2-2ubuntu1' --with-bugurl=file:///usr/share/doc/gcc-4.7/README.Bugs --enable-languages=c,c++,go,fortran,objc,obj-c++ --prefix=/usr --program-suffix=-4.7 --enable-shared --enable-linker-build-id --with-system-zlib --libexecdir=/usr/lib --without-included-gettext --enable-threads=posix --with-gxx-include-dir=/usr/include/c++/4.7 --libdir=/usr/lib --enable-nls --with-sysroot=/ --enable-clocale=gnu --enable-libstdcxx-debug --enable-libstdcxx-time=yes --enable-gnu-unique-object --enable-plugin --enable-objc-gc --disable-werror --with-arch-32=i686 --with-tune=generic --enable-checking=release --build=x86_64-linux-gnu --host=x86_64-linux-gnu --target=x86_64-linux-gnu
Thread model: posix
gcc version 4.7.2 (Ubuntu/Linaro 4.7.2-2ubuntu1) 
configure:3055: $? = 0
configure:3062: g++ -V >&5
g++: error: unrecognized command line option '-V'
g++: fatal error: no input files
compilation terminated.
configure:3066: $? = 4
configure:3069: checking whether we are using the GNU C++ compiler
configure:3098: g++ -c   conftest.cpp >&5
configure:3105: $? = 0
configure:3122: result: yes
configure:3131: checking whether g++ accepts -g
configure:3161: g++ -c -g  conftest.cpp >&5
configure:3168: $? = 0
configure:3269: result: yes
configure:3298: checking how to run the C preprocessor
configure:3338: gcc -E  conftest.c
configure:3345: $? = 0
configure:3376: gcc -E  conftest.c
conftest.c:12:28: fatal error: ac_nonexistent.h: No such file or directory
compilation terminated.
configure:3383: $? = 1
configure: failed program was:
| /* confdefs.h.  */
| #define PACKAGE_NAME "ossim"
| #define PACKAGE_TARNAME "ossim"
| #define PACKAGE_VERSION "1.8.4"
| #define PACKAGE_STRING "ossim 1.8.4"
| #define PACKAGE_BUGREPORT "http://bugzilla.remotesensing.org"
| #define OSSIM_MAJOR_VERSION_NUMBER 1
| #define OSSIM_MINOR_VERSION_NUMBER 8
| #define OSSIM_RELEASE_NUMBER 4
| #define OSSIM_VERSION "1.8.4"
| /* end confdefs.h.  */
| #include <ac_nonexistent.h>
configure:3416: result: gcc -E
configure:3445: gcc -E  conftest.c
configure:3452: $? = 0
configure:3483: gcc -E  conftest.c
conftest.c:12:28: fatal error: ac_nonexistent.h: No such file or directory
compilation terminated.
configure:3490: $? = 1
configure: failed program was:
| /* confdefs.h.  */
| #define PACKAGE_NAME "ossim"
| #define PACKAGE_TARNAME "ossim"
| #define PACKAGE_VERSION "1.8.4"
| #define PACKAGE_STRING "ossim 1.8.4"
| #define PACKAGE_BUGREPORT "http://bugzilla.remotesensing.org"
| #define OSSIM_MAJOR_VERSION_NUMBER 1
| #define OSSIM_MINOR_VERSION_NUMBER 8
| #define OSSIM_RELEASE_NUMBER 4
| #define OSSIM_VERSION "1.8.4"
| /* end confdefs.h.  */
| #include <ac_nonexistent.h>
configure:3535: checking how to run the C++ preprocessor
configure:3571: g++ -E  conftest.cpp
configure:3578: $? = 0
configure:3609: g++ -E  conftest.cpp
conftest.cpp:12:28: fatal error: ac_nonexistent.h: No such file or directory
compilation terminated.
configure:3616: $? = 1
configure: failed program was:
| /* confdefs.h.  */
| #define PACKAGE_NAME "ossim"
| #define PACKAGE_TARNAME "ossim"
| #define PACKAGE_VERSION "1.8.4"
| #define PACKAGE_STRING "ossim 1.8.4"
| #define PACKAGE_BUGREPORT "http://bugzilla.remotesensing.org"
| #define OSSIM_MAJOR_VERSION_NUMBER 1
| #define OSSIM_MINOR_VERSION_NUMBER 8
| #define OSSIM_RELEASE_NUMBER 4
| #define OSSIM_VERSION "1.8.4"
| /* end confdefs.h.  */
| #include <ac_nonexistent.h>
configure:3649: result: g++ -E
configure:3678: g++ -E  conftest.cpp
configure:3685: $? = 0
configure:3716: g++ -E  conftest.cpp
conftest.cpp:12:28: fatal error: ac_nonexistent.h: No such file or directory
compilation terminated.
configure:3723: $? = 1
configure: failed program was:
| /* confdefs.h.  */
| #define PACKAGE_NAME "ossim"
| #define PACKAGE_TARNAME "ossim"
| #define PACKAGE_VERSION "1.8.4"
| #define PACKAGE_STRING "ossim 1.8.4"
| #define PACKAGE_BUGREPORT "http://bugzilla.remotesensing.org"
| #define OSSIM_MAJOR_VERSION_NUMBER 1
| #define OSSIM_MINOR_VERSION_NUMBER 8
| #define OSSIM_RELEASE_NUMBER 4
| #define OSSIM_VERSION "1.8.4"
| /* end confdefs.h.  */
| #include <ac_nonexistent.h>
configure:3769: checking for ar
configure:3785: found /usr/bin/ar
configure:3797: result: ar
configure:3807: checking for echo
configure:3823: found /bin/echo
configure:3835: result: echo
configure:3845: checking for rm
configure:3861: found /bin/rm
configure:3873: result: rm
configure:3883: checking for strip
configure:3899: found /usr/bin/strip
configure:3911: result: strip
configure:3921: checking for dirname
configure:3937: found /usr/bin/dirname
configure:3948: result: dirname
configure:3958: checking for sed
configure:3974: found /bin/sed
configure:3985: result: sed
configure:3995: checking for chmod
configure:4011: found /bin/chmod
configure:4022: result: chmod
configure:4034: checking for openpty in -lutil
configure:4069: gcc -o conftest    conftest.c -lutil   >&5
configure:4076: $? = 0
configure:4097: result: yes
configure:4109: checking for dlopen in -ldl
configure:4144: gcc -o conftest    conftest.c -ldl  -lutil  >&5
configure:4151: $? = 0
configure:4172: result: yes
configure:4184: checking for sin in -lm
configure:4219: gcc -o conftest    conftest.c -lm  -ldl -lutil  >&5
conftest.c:21:6: warning: conflicting types for built-in function 'sin' [enabled by default]
configure:4226: $? = 0
configure:4247: result: yes
configure:4259: checking for main in -lz
configure:4288: gcc -o conftest    conftest.c -lz  -lm -ldl -lutil  >&5
configure:4295: $? = 0
configure:4316: result: yes
configure:4329: checking for pthread_attr_init in -lpthread
configure:4364: gcc -o conftest    conftest.c -lpthread  -lz -lm -ldl -lutil  >&5
configure:4371: $? = 0
configure:4392: result: yes
configure:4405: checking for grep that handles long lines and -e
configure:4465: result: /bin/grep
configure:4470: checking for egrep
configure:4534: result: /bin/grep -E
configure:4539: checking for ANSI C header files
configure:4569: gcc -c   conftest.c >&5
configure:4576: $? = 0
configure:4675: gcc -o conftest    conftest.c -lpthread -lz -lm -ldl -lutil  >&5
configure:4679: $? = 0
configure:4685: ./conftest
configure:4689: $? = 0
configure:4707: result: yes
configure:4731: checking for sys/types.h
configure:4752: gcc -c   conftest.c >&5
configure:4759: $? = 0
configure:4776: result: yes
configure:4731: checking for sys/stat.h
configure:4752: gcc -c   conftest.c >&5
configure:4759: $? = 0
configure:4776: result: yes
configure:4731: checking for stdlib.h
configure:4752: gcc -c   conftest.c >&5
configure:4759: $? = 0
configure:4776: result: yes
configure:4731: checking for string.h
configure:4752: gcc -c   conftest.c >&5
configure:4759: $? = 0
configure:4776: result: yes
configure:4731: checking for memory.h
configure:4752: gcc -c   conftest.c >&5
configure:4759: $? = 0
configure:4776: result: yes
configure:4731: checking for strings.h
configure:4752: gcc -c   conftest.c >&5
configure:4759: $? = 0
configure:4776: result: yes
configure:4731: checking for inttypes.h
configure:4752: gcc -c   conftest.c >&5
configure:4759: $? = 0
configure:4776: result: yes
configure:4731: checking for stdint.h
configure:4752: gcc -c   conftest.c >&5
configure:4759: $? = 0
configure:4776: result: yes
configure:4731: checking for unistd.h
configure:4752: gcc -c   conftest.c >&5
configure:4759: $? = 0
configure:4776: result: yes
configure:4794: checking size of float
configure:5099: gcc -o conftest    conftest.c -lpthread -lz -lm -ldl -lutil  >&5
configure:5103: $? = 0
configure:5109: ./conftest
configure:5113: $? = 0
configure:5139: result: 4
configure:5153: checking size of double
configure:5458: gcc -o conftest    conftest.c -lpthread -lz -lm -ldl -lutil  >&5
configure:5462: $? = 0
configure:5468: ./conftest
configure:5472: $? = 0
configure:5498: result: 8
configure:5512: checking size of long long
configure:5817: gcc -o conftest    conftest.c -lpthread -lz -lm -ldl -lutil  >&5
configure:5821: $? = 0
configure:5827: ./conftest
configure:5831: $? = 0
configure:5857: result: 8
configure:5871: checking size of long int
configure:6176: gcc -o conftest    conftest.c -lpthread -lz -lm -ldl -lutil  >&5
configure:6180: $? = 0
configure:6186: ./conftest
configure:6190: $? = 0
configure:6216: result: 8
configure:6230: checking size of int
configure:6535: gcc -o conftest    conftest.c -lpthread -lz -lm -ldl -lutil  >&5
configure:6539: $? = 0
configure:6545: ./conftest
configure:6549: $? = 0
configure:6575: result: 4
configure:6589: checking size of short int
configure:6894: gcc -o conftest    conftest.c -lpthread -lz -lm -ldl -lutil  >&5
configure:6898: $? = 0
configure:6904: ./conftest
configure:6908: $? = 0
configure:6934: result: 2
configure:6951: checking build system type
configure:6969: result: x86_64-unknown-linux-gnu
configure:6991: checking host system type
configure:7006: result: x86_64-unknown-linux-gnu
configure:7031: checking for ANSI C header files
configure:7199: result: yes
configure:7235: checking fcntl.h usability
configure:7252: gcc -c   conftest.c >&5
configure:7259: $? = 0
configure:7273: result: yes
configure:7277: checking fcntl.h presence
configure:7292: gcc -E  conftest.c
configure:7299: $? = 0
configure:7313: result: yes
configure:7346: checking for fcntl.h
configure:7355: result: yes
configure:7224: checking for unistd.h
configure:7231: result: yes
configure:7235: checking dbmalloc.h usability
configure:7252: gcc -c   conftest.c >&5
conftest.c:69:22: fatal error: dbmalloc.h: No such file or directory
compilation terminated.
configure:7259: $? = 1
configure: failed program was:
| /* confdefs.h.  */
| #define PACKAGE_NAME "ossim"
| #define PACKAGE_TARNAME "ossim"
| #define PACKAGE_VERSION "1.8.4"
| #define PACKAGE_STRING "ossim 1.8.4"
| #define PACKAGE_BUGREPORT "http://bugzilla.remotesensing.org"
| #define OSSIM_MAJOR_VERSION_NUMBER 1
| #define OSSIM_MINOR_VERSION_NUMBER 8
| #define OSSIM_RELEASE_NUMBER 4
| #define OSSIM_VERSION "1.8.4"
| #define HAVE_LIBUTIL 1
| #define HAVE_LIBDL 1
| #define HAVE_LIBM 1
| #define HAVE_LIBZ 1
| #define HAVE_LIBPTHREAD 1
| #define STDC_HEADERS 1
| #define HAVE_SYS_TYPES_H 1
| #define HAVE_SYS_STAT_H 1
| #define HAVE_STDLIB_H 1
| #define HAVE_STRING_H 1
| #define HAVE_MEMORY_H 1
| #define HAVE_STRINGS_H 1
| #define HAVE_INTTYPES_H 1
| #define HAVE_STDINT_H 1
| #define HAVE_UNISTD_H 1
| #define SIZEOF_FLOAT 4
| #define SIZEOF_DOUBLE 8
| #define SIZEOF_LONG_LONG 8
| #define SIZEOF_LONG_INT 8
| #define SIZEOF_INT 4
| #define SIZEOF_SHORT_INT 2
| #define STDC_HEADERS 1
| #define HAVE_FCNTL_H 1
| #define HAVE_UNISTD_H 1
| /* end confdefs.h.  */
| #include <stdio.h>
| #ifdef HAVE_SYS_TYPES_H
| # include <sys/types.h>
| #endif
| #ifdef HAVE_SYS_STAT_H
| # include <sys/stat.h>
| #endif
| #ifdef STDC_HEADERS
| # include <stdlib.h>
| # include <stddef.h>
| #else
| # ifdef HAVE_STDLIB_H
| #  include <stdlib.h>
| # endif
| #endif
| #ifdef HAVE_STRING_H
| # if !defined STDC_HEADERS && defined HAVE_MEMORY_H
| #  include <memory.h>
| # endif
| # include <string.h>
| #endif
| #ifdef HAVE_STRINGS_H
| # include <strings.h>
| #endif
| #ifdef HAVE_INTTYPES_H
| # include <inttypes.h>
| #endif
| #ifdef HAVE_STDINT_H
| # include <stdint.h>
| #endif
| #ifdef HAVE_UNISTD_H
| # include <unistd.h>
| #endif
| #include <dbmalloc.h>
configure:7273: result: no
configure:7277: checking dbmalloc.h presence
configure:7292: gcc -E  conftest.c
conftest.c:36:22: fatal error: dbmalloc.h: No such file or directory
compilation terminated.
configure:7299: $? = 1
configure: failed program was:
| /* confdefs.h.  */
| #define PACKAGE_NAME "ossim"
| #define PACKAGE_TARNAME "ossim"
| #define PACKAGE_VERSION "1.8.4"
| #define PACKAGE_STRING "ossim 1.8.4"
| #define PACKAGE_BUGREPORT "http://bugzilla.remotesensing.org"
| #define OSSIM_MAJOR_VERSION_NUMBER 1
| #define OSSIM_MINOR_VERSION_NUMBER 8
| #define OSSIM_RELEASE_NUMBER 4
| #define OSSIM_VERSION "1.8.4"
| #define HAVE_LIBUTIL 1
| #define HAVE_LIBDL 1
| #define HAVE_LIBM 1
| #define HAVE_LIBZ 1
| #define HAVE_LIBPTHREAD 1
| #define STDC_HEADERS 1
| #define HAVE_SYS_TYPES_H 1
| #define HAVE_SYS_STAT_H 1
| #define HAVE_STDLIB_H 1
| #define HAVE_STRING_H 1
| #define HAVE_MEMORY_H 1
| #define HAVE_STRINGS_H 1
| #define HAVE_INTTYPES_H 1
| #define HAVE_STDINT_H 1
| #define HAVE_UNISTD_H 1
| #define SIZEOF_FLOAT 4
| #define SIZEOF_DOUBLE 8
| #define SIZEOF_LONG_LONG 8
| #define SIZEOF_LONG_INT 8
| #define SIZEOF_INT 4
| #define SIZEOF_SHORT_INT 2
| #define STDC_HEADERS 1
| #define HAVE_FCNTL_H 1
| #define HAVE_UNISTD_H 1
| /* end confdefs.h.  */
| #include <dbmalloc.h>
configure:7313: result: no
configure:7346: checking for dbmalloc.h
configure:7355: result: no
configure:7235: checking dlfcn.h usability
configure:7252: gcc -c   conftest.c >&5
configure:7259: $? = 0
configure:7273: result: yes
configure:7277: checking dlfcn.h presence
configure:7292: gcc -E  conftest.c
configure:7299: $? = 0
configure:7313: result: yes
configure:7346: checking for dlfcn.h
configure:7355: result: yes
configure:7235: checking malloc.h usability
configure:7252: gcc -c   conftest.c >&5
configure:7259: $? = 0
configure:7273: result: yes
configure:7277: checking malloc.h presence
configure:7292: gcc -E  conftest.c
configure:7299: $? = 0
configure:7313: result: yes
configure:7346: checking for malloc.h
configure:7355: result: yes
configure:7235: checking getopt.h usability
configure:7252: gcc -c   conftest.c >&5
configure:7259: $? = 0
configure:7273: result: yes
configure:7277: checking getopt.h presence
configure:7292: gcc -E  conftest.c
configure:7299: $? = 0
configure:7313: result: yes
configure:7346: checking for getopt.h
configure:7355: result: yes
configure:7235: checking dirent.h usability
configure:7252: gcc -c   conftest.c >&5
configure:7259: $? = 0
configure:7273: result: yes
configure:7277: checking dirent.h presence
configure:7292: gcc -E  conftest.c
configure:7299: $? = 0
configure:7313: result: yes
configure:7346: checking for dirent.h
configure:7355: result: yes
configure:7235: checking libtar.h usability
configure:7252: gcc -c   conftest.c >&5
configure:7259: $? = 0
configure:7273: result: yes
configure:7277: checking libtar.h presence
configure:7292: gcc -E  conftest.c
configure:7299: $? = 0
configure:7313: result: yes
configure:7346: checking for libtar.h
configure:7355: result: yes
configure:7380: checking zlib.h usability
configure:7397: gcc -c   conftest.c >&5
configure:7404: $? = 0
configure:7418: result: yes
configure:7422: checking zlib.h presence
configure:7437: gcc -E  conftest.c
configure:7444: $? = 0
configure:7458: result: yes
configure:7491: checking for zlib.h
configure:7498: result: yes
configure:7687: error: jpeg support required!

## ---------------- ##
## Cache variables. ##
## ---------------- ##

ac_cv_build=x86_64-unknown-linux-gnu
ac_cv_c_compiler_gnu=yes
ac_cv_cxx_compiler_gnu=yes
ac_cv_env_CCC_set=
ac_cv_env_CCC_value=
ac_cv_env_CC_set=
ac_cv_env_CC_value=
ac_cv_env_CFLAGS_set=
ac_cv_env_CFLAGS_value=
ac_cv_env_CPPFLAGS_set=
ac_cv_env_CPPFLAGS_value=
ac_cv_env_CPP_set=
ac_cv_env_CPP_value=
ac_cv_env_CXXCPP_set=
ac_cv_env_CXXCPP_value=
ac_cv_env_CXXFLAGS_set=
ac_cv_env_CXXFLAGS_value=
ac_cv_env_CXX_set=
ac_cv_env_CXX_value=
ac_cv_env_LDFLAGS_set=
ac_cv_env_LDFLAGS_value=
ac_cv_env_LIBS_set=
ac_cv_env_LIBS_value=
ac_cv_env_build_alias_set=
ac_cv_env_build_alias_value=
ac_cv_env_host_alias_set=
ac_cv_env_host_alias_value=
ac_cv_env_target_alias_set=
ac_cv_env_target_alias_value=
ac_cv_header_dbmalloc_h=no
ac_cv_header_dirent_h=yes
ac_cv_header_dlfcn_h=yes
ac_cv_header_fcntl_h=yes
ac_cv_header_getopt_h=yes
ac_cv_header_inttypes_h=yes
ac_cv_header_libtar_h=yes
ac_cv_header_malloc_h=yes
ac_cv_header_memory_h=yes
ac_cv_header_stdc=yes
ac_cv_header_stdint_h=yes
ac_cv_header_stdlib_h=yes
ac_cv_header_string_h=yes
ac_cv_header_strings_h=yes
ac_cv_header_sys_stat_h=yes
ac_cv_header_sys_types_h=yes
ac_cv_header_unistd_h=yes
ac_cv_header_zlib_h=yes
ac_cv_host=x86_64-unknown-linux-gnu
ac_cv_lib_dl_dlopen=yes
ac_cv_lib_m_sin=yes
ac_cv_lib_pthread_pthread_attr_init=yes
ac_cv_lib_util_openpty=yes
ac_cv_lib_z_main=yes
ac_cv_objext=o
ac_cv_path_EGREP='/bin/grep -E'
ac_cv_path_GREP=/bin/grep
ac_cv_path_install='/usr/bin/install -c'
ac_cv_prog_AR=ar
ac_cv_prog_CHMOD=chmod
ac_cv_prog_CPP='gcc -E'
ac_cv_prog_CXXCPP='g++ -E'
ac_cv_prog_DIRNAME=dirname
ac_cv_prog_ECHO=echo
ac_cv_prog_RM=rm
ac_cv_prog_SED=sed
ac_cv_prog_STRIP=strip
ac_cv_prog_ac_ct_CC=gcc
ac_cv_prog_ac_ct_CXX=g++
ac_cv_prog_ac_ct_RANLIB=ranlib
ac_cv_prog_cc_c89=
ac_cv_prog_cc_g=yes
ac_cv_prog_cxx_g=yes
ac_cv_sizeof_double=8
ac_cv_sizeof_float=4
ac_cv_sizeof_int=4
ac_cv_sizeof_long_int=8
ac_cv_sizeof_long_long=8
ac_cv_sizeof_short_int=2

## ----------------- ##
## Output variables. ##
## ----------------- ##

AR='ar'
AR_FLAGS=''
BASE_DEFINES=''
BUILD_SHARED_LIBS=''
BUILD_SHARED_OBJS=''
BUILD_SINGLE_SHARED_LIBS=''
BUILD_SINGLE_STATIC_LIBS=''
BUILD_STATIC_APPS=''
BUILD_STATIC_LIBS=''
BUILD_STATIC_OBJS=''
CARBON=''
CC='gcc'
CDEBUGFLAGS=''
CFLAGS=''
CHMOD='chmod'
CPP='gcc -E'
CPPFLAGS=''
CXX='g++'
CXXCPP='g++ -E'
CXXFLAGS=''
DEFS=''
DIRNAME='dirname'
ECHO='echo'
ECHO_C=''
ECHO_N='-n'
ECHO_T=''
EGREP='/bin/grep -E'
EXEEXT=''
FREETYPE_INCLUDES=''
FREETYPE_LIBS=''
FREETYPE_LIB_PATH=''
GEOTIFF_INCLUDE_PATH=''
GEOTIFF_LIBS=''
GEOTIFF_LIB_PATH=''
GREP='/bin/grep'
HOST_RESULT=''
INCLUDE_COMMON=''
INSTALL_DATA='${INSTALL} -m 644'
INSTALL_PROGRAM='${INSTALL}'
INSTALL_SCRIPT='${INSTALL}'
JPEG_INCLUDE_PATH=''
JPEG_LIBS=''
JPEG_LIB_PATH=''
LDFLAGS=''
LDFLAGS_APP=''
LDFLAGS_EXE=''
LDFLAGS_GL=''
LDFLAGS_VERSIONING=''
LD_SHARED=''
LIBOBJS=''
LIBOSSIMMACRES=''
LIBOSSIMMACRESCOMP=''
LIBS='-lpthread -lz -lm -ldl -lutil '
LIBTIFF_INCLUDE_PATH='-I/usr/include'
LIBTIFF_LIBS='-ltiff'
LIBTIFF_LIB_PATH='-L/usr'
LTLIBOBJS=''
MACOSX_BUNDLE=''
MPI_INCLUDES=''
MPI_LIBS=''
MPI_LIB_PATH=''
OBJEXT='o'
OPEN_THREADS_INCLUDES=''
OPEN_THREADS_LIBS=''
OPEN_THREADS_LIB_PATH=''
OPTIMIZATION_FLAG=''
OSSIM_CFLAGS=''
OSSIM_CPP_FLAGS=''
OSSIM_INCLUDES=''
OSSIM_LIBS=''
OSSIM_MAJOR_VERSION_NUMBER='1'
OSSIM_MINOR_VERSION_NUMBER='8'
OSSIM_PREFIX=''
OSSIM_RELEASE_NUMBER='4'
OSSIM_RESOURCES_MACOSX_DATA=''
OSSIM_RESOURCES_MACOSX_TEXT=''
OSSIM_TOP='/home/espen/ossim/ossim'
OSSIM_VERSION='1.8.4'
PACKAGE_BUGREPORT='http://bugzilla.remotesensing.org'
PACKAGE_NAME='ossim'
PACKAGE_STRING='ossim 1.8.4'
PACKAGE_TARNAME='ossim'
PACKAGE_VERSION='1.8.4'
PATH_SEPARATOR=':'
PIC_FLAG=''
PROGRAM_PREFIX=''
RANLIB='ranlib'
RESCOMP=''
RESFLAGS=''
RM='rm'
SED='sed'
SHARED_LIB_FLAG=''
SHARED_OBJ_DIR=''
SHELL='/bin/sh'
SO_REALNAME_EXT=''
SO_SONAME_EXT=''
SO_VERSIONLESS_EXT=''
STATIC_OBJ_DIR=''
STRIP='strip'
TOOLKIT_DIR=''
ac_ct_CC='gcc'
ac_ct_CXX='g++'
bindir='${exec_prefix}/bin'
build='x86_64-unknown-linux-gnu'
build_alias=''
build_cpu='x86_64'
build_os='linux-gnu'
build_vendor='unknown'
datadir='${datarootdir}'
datarootdir='${prefix}/share'
docdir='${datarootdir}/doc/${PACKAGE_TARNAME}'
dvidir='${docdir}'
exec_prefix='NONE'
host='x86_64-unknown-linux-gnu'
host_alias=''
host_cpu='x86_64'
host_os='linux-gnu'
host_vendor='unknown'
htmldir='${docdir}'
includedir='${prefix}/include'
infodir='${datarootdir}/info'
libdir='${exec_prefix}/lib'
libexecdir='${exec_prefix}/libexec'
localedir='${datarootdir}/locale'
localstatedir='${prefix}/var'
mandir='${datarootdir}/man'
oldincludedir='/usr/include'
pdfdir='${docdir}'
prefix='/usr/local/ossim'
program_transform_name='s,x,x,'
psdir='${docdir}'
sbindir='${exec_prefix}/sbin'
sharedstatedir='${prefix}/com'
sysconfdir='${prefix}/etc'
target_alias=''
top_builddir='/home/espen/ossim/ossim'

## ----------- ##
## confdefs.h. ##
## ----------- ##

#define PACKAGE_NAME "ossim"
#define PACKAGE_TARNAME "ossim"
#define PACKAGE_VERSION "1.8.4"
#define PACKAGE_STRING "ossim 1.8.4"
#define PACKAGE_BUGREPORT "http://bugzilla.remotesensing.org"
#define OSSIM_MAJOR_VERSION_NUMBER 1
#define OSSIM_MINOR_VERSION_NUMBER 8
#define OSSIM_RELEASE_NUMBER 4
#define OSSIM_VERSION "1.8.4"
#define HAVE_LIBUTIL 1
#define HAVE_LIBDL 1
#define HAVE_LIBM 1
#define HAVE_LIBZ 1
#define HAVE_LIBPTHREAD 1
#define STDC_HEADERS 1
#define HAVE_SYS_TYPES_H 1
#define HAVE_SYS_STAT_H 1
#define HAVE_STDLIB_H 1
#define HAVE_STRING_H 1
#define HAVE_MEMORY_H 1
#define HAVE_STRINGS_H 1
#define HAVE_INTTYPES_H 1
#define HAVE_STDINT_H 1
#define HAVE_UNISTD_H 1
#define SIZEOF_FLOAT 4
#define SIZEOF_DOUBLE 8
#define SIZEOF_LONG_LONG 8
#define SIZEOF_LONG_INT 8
#define SIZEOF_INT 4
#define SIZEOF_SHORT_INT 2
#define STDC_HEADERS 1
#define HAVE_FCNTL_H 1
#define HAVE_UNISTD_H 1
#define HAVE_DLFCN_H 1
#define HAVE_MALLOC_H 1
#define HAVE_GETOPT_H 1
#define HAVE_DIRENT_H 1
#define HAVE_LIBTAR_H 1
#define OSSIM_HAS_LIBZ 1

configure: exit 1
